2021-10-21 09:56:31,723:INFO:PyCaret Supervised Module
2021-10-21 09:56:31,723:INFO:ML Usecase: regression
2021-10-21 09:56:31,723:INFO:version 2.3.4
2021-10-21 09:56:31,724:INFO:Initializing setup()
2021-10-21 09:56:31,724:INFO:setup(target=tenure, ml_usecase=regression, available_plots={'parameter': 'Hyperparameters', 'residuals': 'Residuals', 'error': 'Prediction Error', 'cooks': 'Cooks Distance', 'rfe': 'Feature Selection', 'learning': 'Learning Curve', 'manifold': 'Manifold Learning', 'vc': 'Validation Curve', 'feature': 'Feature Importance', 'feature_all': 'Feature Importance (All)', 'tree': 'Decision Tree', 'residuals_interactive': 'Interactive Residuals'}, train_size=0.7, test_data=None, preprocess=True, imputation_type=simple, iterative_imputation_iters=5, categorical_features=None, categorical_imputation=constant, categorical_iterative_imputer=lightgbm, ordinal_features=None, high_cardinality_features=None, high_cardinality_method=frequency, numeric_features=None, numeric_imputation=mean, numeric_iterative_imputer=lightgbm, date_features=None, ignore_features=None, normalize=False, normalize_method=zscore, transformation=False, transformation_method=yeo-johnson, handle_unknown_categorical=True, unknown_categorical_method=least_frequent, pca=False, pca_method=linear, pca_components=None, ignore_low_variance=False, combine_rare_levels=False, rare_level_threshold=0.1, bin_numeric_features=None, remove_outliers=False, outliers_threshold=0.05, remove_multicollinearity=False, multicollinearity_threshold=0.9, remove_perfect_collinearity=True, create_clusters=False, cluster_iter=20, polynomial_features=False, polynomial_degree=2, trigonometry_features=False, polynomial_threshold=0.1, group_features=None, group_names=None, feature_selection=False, feature_selection_threshold=0.8, feature_selection_method=classic, feature_interaction=False, feature_ratio=False, interaction_threshold=0.01, fix_imbalance=False, fix_imbalance_method=None, transform_target=False, transform_target_method=box-cox, data_split_shuffle=True, data_split_stratify=False, fold_strategy=kfold, fold=10, fold_shuffle=False, fold_groups=None, n_jobs=-1, use_gpu=False, custom_pipeline=None, html=True, session_id=2021, log_experiment=False, experiment_name=None, log_plots=False, log_profile=False, log_data=False, silent=False, verbose=True, profile=False, profile_kwargs=None, display=None)
2021-10-21 09:56:31,724:INFO:Checking environment
2021-10-21 09:56:31,724:INFO:python_version: 3.8.11
2021-10-21 09:56:31,724:INFO:python_build: ('default', 'Aug  6 2021 09:57:55')
2021-10-21 09:56:31,724:INFO:machine: AMD64
2021-10-21 09:56:31,731:INFO:platform: Windows-10-10.0.19043-SP0
2021-10-21 09:56:31,731:INFO:Memory: svmem(total=34303803392, available=24897404928, percent=27.4, used=9406398464, free=24897404928)
2021-10-21 09:56:31,731:INFO:Physical Core: 12
2021-10-21 09:56:31,731:INFO:Logical Core: 24
2021-10-21 09:56:31,731:INFO:Checking libraries
2021-10-21 09:56:31,731:INFO:pd==1.3.2
2021-10-21 09:56:31,731:INFO:numpy==1.19.5
2021-10-21 09:56:31,731:INFO:sklearn==0.23.2
2021-10-21 09:56:31,731:INFO:lightgbm==3.3.0
2021-10-21 09:56:31,732:WARNING:catboost not found
2021-10-21 09:56:32,285:INFO:xgboost==1.3.3
2021-10-21 09:56:33,410:INFO:mlflow==1.20.2
2021-10-21 09:56:33,410:INFO:Checking Exceptions
2021-10-21 09:56:33,411:INFO:Declaring global variables
2021-10-21 09:56:33,411:INFO:USI: be9e
2021-10-21 09:56:33,411:INFO:pycaret_globals: {'fix_imbalance_param', 'fold_groups_param', 'data_before_preprocess', 'target_param', '_available_plots', 'n_jobs_param', '_internal_pipeline', 'transform_target_param', 'logging_param', 'fold_groups_param_full', 'transform_target_method_param', 'prep_pipe', '_all_models', 'fold_param', 'display_container', 'master_model_container', 'iterative_imputation_iters_param', 'fold_generator', '_gpu_n_jobs_param', 'X', 'fix_imbalance_method_param', 'seed', 'y', 'create_model_container', 'imputation_regressor', 'pycaret_globals', '_all_models_internal', 'stratify_param', 'y_test', 'X_train', '_ml_usecase', 'log_plots_param', '_all_metrics', 'imputation_classifier', 'USI', 'exp_name_log', 'html_param', 'fold_shuffle_param', 'gpu_param', 'y_train', 'X_test', 'experiment__'}
2021-10-21 09:56:33,411:INFO:Preparing display monitor
2021-10-21 09:56:33,411:INFO:Preparing display monitor
2021-10-21 09:56:33,420:INFO:Importing libraries
2021-10-21 09:56:33,420:INFO:Copying data for preprocessing
2021-10-21 09:56:33,427:INFO:Declaring preprocessing parameters
2021-10-21 09:56:33,429:INFO:Creating preprocessing pipeline
2021-10-21 09:56:33,452:INFO:Preprocessing pipeline created successfully
2021-10-21 09:56:33,453:ERROR:(Process Exit): setup has been interupted with user command 'quit'. setup must rerun.
2021-10-21 09:56:33,453:INFO:Creating global containers
2021-10-21 09:56:33,454:INFO:Internal pipeline: Pipeline(memory=None, steps=[('empty_step', 'passthrough')], verbose=False)
2021-10-21 09:57:10,010:WARNING:Couldn't import catboost.CatBoostRegressor
2021-10-21 09:57:10,139:WARNING:Couldn't import catboost.CatBoostRegressor
2021-10-21 09:57:10,139:INFO:Creating grid variables
2021-10-21 09:57:10,175:INFO:create_model_container: 0
2021-10-21 09:57:10,175:INFO:master_model_container: 0
2021-10-21 09:57:10,175:INFO:display_container: 1
2021-10-21 09:57:10,179:INFO:Pipeline(memory=None,
         steps=[('dtypes',
                 DataTypes_Auto_infer(categorical_features=[],
                                      display_types=True, features_todrop=[],
                                      id_columns=[], ml_usecase='regression',
                                      numerical_features=[], target='tenure',
                                      time_features=[])),
                ('imputer',
                 Simple_Imputer(categorical_strategy='not_available',
                                fill_value_categorical=None,
                                fill_value_numerical=None,
                                numeric_strategy=...
                ('scaling', 'passthrough'), ('P_transform', 'passthrough'),
                ('binn', 'passthrough'), ('rem_outliers', 'passthrough'),
                ('cluster_all', 'passthrough'),
                ('dummy', Dummify(target='tenure')),
                ('fix_perfect', Remove_100(target='tenure')),
                ('clean_names', Clean_Colum_Names()),
                ('feature_select', 'passthrough'), ('fix_multi', 'passthrough'),
                ('dfs', 'passthrough'), ('pca', 'passthrough')],
         verbose=False)
2021-10-21 09:57:10,180:INFO:setup() succesfully completed......................................
2021-10-21 09:57:46,333:INFO:Initializing compare_models()
2021-10-21 09:57:46,333:INFO:compare_models(include=None, fold=None, round=4, cross_validation=True, sort=R2, n_select=1, budget_time=None, turbo=True, errors=ignore, fit_kwargs=None, groups=None, verbose=True, display=None, exclude=None)
2021-10-21 09:57:46,333:INFO:Checking exceptions
2021-10-21 09:57:46,334:INFO:Preparing display monitor
2021-10-21 09:57:46,334:INFO:Preparing display monitor
2021-10-21 09:57:46,354:INFO:Initializing Linear Regression
2021-10-21 09:57:46,354:INFO:Total runtime is 0.0 minutes
2021-10-21 09:57:46,361:INFO:SubProcess create_model() called ==================================
2021-10-21 09:57:46,361:INFO:Initializing create_model()
2021-10-21 09:57:46,361:INFO:create_model(estimator=lr, fold=KFold(n_splits=10, random_state=None, shuffle=False), round=4, cross_validation=True, predict=True, fit_kwargs={}, groups=None, refit=False, verbose=False, system=False, metrics=None, add_to_model_list=True, display=<pycaret.internal.Display.Display object at 0x0000024251B52FD0>, kwargs={})
2021-10-21 09:57:46,361:INFO:Checking exceptions
2021-10-21 09:57:46,361:INFO:Importing libraries
2021-10-21 09:57:46,361:INFO:Copying training dataset
2021-10-21 09:57:46,362:INFO:Defining folds
2021-10-21 09:57:46,362:INFO:Declaring metric variables
2021-10-21 09:57:46,368:INFO:Importing untrained model
2021-10-21 09:57:46,374:INFO:Linear Regression Imported succesfully
2021-10-21 09:57:46,385:INFO:Starting cross validation
2021-10-21 09:57:46,390:INFO:Cross validating with KFold(n_splits=10, random_state=None, shuffle=False), n_jobs=-1
2021-10-21 09:57:50,445:INFO:Calculating mean and std
2021-10-21 09:57:50,446:INFO:Creating metrics dataframe
2021-10-21 09:57:50,449:INFO:Uploading results into container
2021-10-21 09:57:50,450:INFO:Uploading model into container now
2021-10-21 09:57:50,450:INFO:create_model_container: 1
2021-10-21 09:57:50,450:INFO:master_model_container: 1
2021-10-21 09:57:50,450:INFO:display_container: 2
2021-10-21 09:57:50,450:INFO:LinearRegression(copy_X=True, fit_intercept=True, n_jobs=-1, normalize=False)
2021-10-21 09:57:50,450:INFO:create_model() succesfully completed......................................
2021-10-21 09:57:50,524:INFO:SubProcess create_model() end ==================================
2021-10-21 09:57:50,524:INFO:Creating metrics dataframe
2021-10-21 09:57:50,536:INFO:Initializing Lasso Regression
2021-10-21 09:57:50,536:INFO:Total runtime is 0.06969542900721232 minutes
2021-10-21 09:57:50,542:INFO:SubProcess create_model() called ==================================
2021-10-21 09:57:50,542:INFO:Initializing create_model()
2021-10-21 09:57:50,542:INFO:create_model(estimator=lasso, fold=KFold(n_splits=10, random_state=None, shuffle=False), round=4, cross_validation=True, predict=True, fit_kwargs={}, groups=None, refit=False, verbose=False, system=False, metrics=None, add_to_model_list=True, display=<pycaret.internal.Display.Display object at 0x0000024251B52FD0>, kwargs={})
2021-10-21 09:57:50,542:INFO:Checking exceptions
2021-10-21 09:57:50,542:INFO:Importing libraries
2021-10-21 09:57:50,542:INFO:Copying training dataset
2021-10-21 09:57:50,543:INFO:Defining folds
2021-10-21 09:57:50,543:INFO:Declaring metric variables
2021-10-21 09:57:50,549:INFO:Importing untrained model
2021-10-21 09:57:50,555:INFO:Lasso Regression Imported succesfully
2021-10-21 09:57:50,567:INFO:Starting cross validation
2021-10-21 09:57:50,567:INFO:Cross validating with KFold(n_splits=10, random_state=None, shuffle=False), n_jobs=-1
2021-10-21 09:57:54,216:INFO:Calculating mean and std
2021-10-21 09:57:54,217:INFO:Creating metrics dataframe
2021-10-21 09:57:54,220:INFO:Uploading results into container
2021-10-21 09:57:54,220:INFO:Uploading model into container now
2021-10-21 09:57:54,220:INFO:create_model_container: 2
2021-10-21 09:57:54,221:INFO:master_model_container: 2
2021-10-21 09:57:54,221:INFO:display_container: 2
2021-10-21 09:57:54,221:INFO:Lasso(alpha=1.0, copy_X=True, fit_intercept=True, max_iter=1000,
      normalize=False, positive=False, precompute=False, random_state=2021,
      selection='cyclic', tol=0.0001, warm_start=False)
2021-10-21 09:57:54,221:INFO:create_model() succesfully completed......................................
2021-10-21 09:57:54,284:INFO:SubProcess create_model() end ==================================
2021-10-21 09:57:54,284:INFO:Creating metrics dataframe
2021-10-21 09:57:54,297:INFO:Initializing Ridge Regression
2021-10-21 09:57:54,297:INFO:Total runtime is 0.1323813041051229 minutes
2021-10-21 09:57:54,303:INFO:SubProcess create_model() called ==================================
2021-10-21 09:57:54,303:INFO:Initializing create_model()
2021-10-21 09:57:54,303:INFO:create_model(estimator=ridge, fold=KFold(n_splits=10, random_state=None, shuffle=False), round=4, cross_validation=True, predict=True, fit_kwargs={}, groups=None, refit=False, verbose=False, system=False, metrics=None, add_to_model_list=True, display=<pycaret.internal.Display.Display object at 0x0000024251B52FD0>, kwargs={})
2021-10-21 09:57:54,303:INFO:Checking exceptions
2021-10-21 09:57:54,303:INFO:Importing libraries
2021-10-21 09:57:54,303:INFO:Copying training dataset
2021-10-21 09:57:54,304:INFO:Defining folds
2021-10-21 09:57:54,304:INFO:Declaring metric variables
2021-10-21 09:57:54,310:INFO:Importing untrained model
2021-10-21 09:57:54,316:INFO:Ridge Regression Imported succesfully
2021-10-21 09:57:54,330:INFO:Starting cross validation
2021-10-21 09:57:54,330:INFO:Cross validating with KFold(n_splits=10, random_state=None, shuffle=False), n_jobs=-1
2021-10-21 09:57:57,115:INFO:Calculating mean and std
2021-10-21 09:57:57,116:INFO:Creating metrics dataframe
2021-10-21 09:57:57,120:INFO:Uploading results into container
2021-10-21 09:57:57,120:INFO:Uploading model into container now
2021-10-21 09:57:57,120:INFO:create_model_container: 3
2021-10-21 09:57:57,120:INFO:master_model_container: 3
2021-10-21 09:57:57,120:INFO:display_container: 2
2021-10-21 09:57:57,120:INFO:Ridge(alpha=1.0, copy_X=True, fit_intercept=True, max_iter=None,
      normalize=False, random_state=2021, solver='auto', tol=0.001)
2021-10-21 09:57:57,120:INFO:create_model() succesfully completed......................................
2021-10-21 09:57:57,183:INFO:SubProcess create_model() end ==================================
2021-10-21 09:57:57,183:INFO:Creating metrics dataframe
2021-10-21 09:57:57,196:INFO:Initializing Elastic Net
2021-10-21 09:57:57,196:INFO:Total runtime is 0.18069159189860026 minutes
2021-10-21 09:57:57,202:INFO:SubProcess create_model() called ==================================
2021-10-21 09:57:57,202:INFO:Initializing create_model()
2021-10-21 09:57:57,202:INFO:create_model(estimator=en, fold=KFold(n_splits=10, random_state=None, shuffle=False), round=4, cross_validation=True, predict=True, fit_kwargs={}, groups=None, refit=False, verbose=False, system=False, metrics=None, add_to_model_list=True, display=<pycaret.internal.Display.Display object at 0x0000024251B52FD0>, kwargs={})
2021-10-21 09:57:57,202:INFO:Checking exceptions
2021-10-21 09:57:57,202:INFO:Importing libraries
2021-10-21 09:57:57,202:INFO:Copying training dataset
2021-10-21 09:57:57,203:INFO:Defining folds
2021-10-21 09:57:57,203:INFO:Declaring metric variables
2021-10-21 09:57:57,208:INFO:Importing untrained model
2021-10-21 09:57:57,214:INFO:Elastic Net Imported succesfully
2021-10-21 09:57:57,225:INFO:Starting cross validation
2021-10-21 09:57:57,226:INFO:Cross validating with KFold(n_splits=10, random_state=None, shuffle=False), n_jobs=-1
2021-10-21 09:57:57,379:INFO:Calculating mean and std
2021-10-21 09:57:57,380:INFO:Creating metrics dataframe
2021-10-21 09:57:57,383:INFO:Uploading results into container
2021-10-21 09:57:57,383:INFO:Uploading model into container now
2021-10-21 09:57:57,383:INFO:create_model_container: 4
2021-10-21 09:57:57,383:INFO:master_model_container: 4
2021-10-21 09:57:57,383:INFO:display_container: 2
2021-10-21 09:57:57,384:INFO:ElasticNet(alpha=1.0, copy_X=True, fit_intercept=True, l1_ratio=0.5,
           max_iter=1000, normalize=False, positive=False, precompute=False,
           random_state=2021, selection='cyclic', tol=0.0001, warm_start=False)
2021-10-21 09:57:57,384:INFO:create_model() succesfully completed......................................
2021-10-21 09:57:57,446:INFO:SubProcess create_model() end ==================================
2021-10-21 09:57:57,446:INFO:Creating metrics dataframe
2021-10-21 09:57:57,459:INFO:Initializing Least Angle Regression
2021-10-21 09:57:57,459:INFO:Total runtime is 0.1850830078125 minutes
2021-10-21 09:57:57,465:INFO:SubProcess create_model() called ==================================
2021-10-21 09:57:57,466:INFO:Initializing create_model()
2021-10-21 09:57:57,466:INFO:create_model(estimator=lar, fold=KFold(n_splits=10, random_state=None, shuffle=False), round=4, cross_validation=True, predict=True, fit_kwargs={}, groups=None, refit=False, verbose=False, system=False, metrics=None, add_to_model_list=True, display=<pycaret.internal.Display.Display object at 0x0000024251B52FD0>, kwargs={})
2021-10-21 09:57:57,466:INFO:Checking exceptions
2021-10-21 09:57:57,466:INFO:Importing libraries
2021-10-21 09:57:57,466:INFO:Copying training dataset
2021-10-21 09:57:57,467:INFO:Defining folds
2021-10-21 09:57:57,467:INFO:Declaring metric variables
2021-10-21 09:57:57,473:INFO:Importing untrained model
2021-10-21 09:57:57,479:INFO:Least Angle Regression Imported succesfully
2021-10-21 09:57:57,490:INFO:Starting cross validation
2021-10-21 09:57:57,490:INFO:Cross validating with KFold(n_splits=10, random_state=None, shuffle=False), n_jobs=-1
2021-10-21 09:57:57,658:INFO:Calculating mean and std
2021-10-21 09:57:57,659:INFO:Creating metrics dataframe
2021-10-21 09:57:57,662:INFO:Uploading results into container
2021-10-21 09:57:57,662:INFO:Uploading model into container now
2021-10-21 09:57:57,662:INFO:create_model_container: 5
2021-10-21 09:57:57,662:INFO:master_model_container: 5
2021-10-21 09:57:57,662:INFO:display_container: 2
2021-10-21 09:57:57,663:INFO:Lars(copy_X=True, eps=2.220446049250313e-16, fit_intercept=True, fit_path=True,
     jitter=None, n_nonzero_coefs=500, normalize=True, precompute='auto',
     random_state=2021, verbose=False)
2021-10-21 09:57:57,663:INFO:create_model() succesfully completed......................................
2021-10-21 09:57:57,726:INFO:SubProcess create_model() end ==================================
2021-10-21 09:57:57,726:INFO:Creating metrics dataframe
2021-10-21 09:57:57,739:INFO:Initializing Lasso Least Angle Regression
2021-10-21 09:57:57,739:INFO:Total runtime is 0.18974191745122274 minutes
2021-10-21 09:57:57,745:INFO:SubProcess create_model() called ==================================
2021-10-21 09:57:57,745:INFO:Initializing create_model()
2021-10-21 09:57:57,745:INFO:create_model(estimator=llar, fold=KFold(n_splits=10, random_state=None, shuffle=False), round=4, cross_validation=True, predict=True, fit_kwargs={}, groups=None, refit=False, verbose=False, system=False, metrics=None, add_to_model_list=True, display=<pycaret.internal.Display.Display object at 0x0000024251B52FD0>, kwargs={})
2021-10-21 09:57:57,745:INFO:Checking exceptions
2021-10-21 09:57:57,745:INFO:Importing libraries
2021-10-21 09:57:57,745:INFO:Copying training dataset
2021-10-21 09:57:57,746:INFO:Defining folds
2021-10-21 09:57:57,746:INFO:Declaring metric variables
2021-10-21 09:57:57,752:INFO:Importing untrained model
2021-10-21 09:57:57,757:INFO:Lasso Least Angle Regression Imported succesfully
2021-10-21 09:57:57,769:INFO:Starting cross validation
2021-10-21 09:57:57,770:INFO:Cross validating with KFold(n_splits=10, random_state=None, shuffle=False), n_jobs=-1
2021-10-21 09:57:57,922:INFO:Calculating mean and std
2021-10-21 09:57:57,922:INFO:Creating metrics dataframe
2021-10-21 09:57:57,926:INFO:Uploading results into container
2021-10-21 09:57:57,926:INFO:Uploading model into container now
2021-10-21 09:57:57,926:INFO:create_model_container: 6
2021-10-21 09:57:57,926:INFO:master_model_container: 6
2021-10-21 09:57:57,926:INFO:display_container: 2
2021-10-21 09:57:57,927:INFO:LassoLars(alpha=1.0, copy_X=True, eps=2.220446049250313e-16, fit_intercept=True,
          fit_path=True, jitter=None, max_iter=500, normalize=True,
          positive=False, precompute='auto', random_state=2021, verbose=False)
2021-10-21 09:57:57,927:INFO:create_model() succesfully completed......................................
2021-10-21 09:57:57,990:INFO:SubProcess create_model() end ==================================
2021-10-21 09:57:57,990:INFO:Creating metrics dataframe
2021-10-21 09:57:58,003:INFO:Initializing Orthogonal Matching Pursuit
2021-10-21 09:57:58,003:INFO:Total runtime is 0.19415109157562255 minutes
2021-10-21 09:57:58,009:INFO:SubProcess create_model() called ==================================
2021-10-21 09:57:58,009:INFO:Initializing create_model()
2021-10-21 09:57:58,009:INFO:create_model(estimator=omp, fold=KFold(n_splits=10, random_state=None, shuffle=False), round=4, cross_validation=True, predict=True, fit_kwargs={}, groups=None, refit=False, verbose=False, system=False, metrics=None, add_to_model_list=True, display=<pycaret.internal.Display.Display object at 0x0000024251B52FD0>, kwargs={})
2021-10-21 09:57:58,009:INFO:Checking exceptions
2021-10-21 09:57:58,009:INFO:Importing libraries
2021-10-21 09:57:58,010:INFO:Copying training dataset
2021-10-21 09:57:58,010:INFO:Defining folds
2021-10-21 09:57:58,011:INFO:Declaring metric variables
2021-10-21 09:57:58,016:INFO:Importing untrained model
2021-10-21 09:57:58,022:INFO:Orthogonal Matching Pursuit Imported succesfully
2021-10-21 09:57:58,033:INFO:Starting cross validation
2021-10-21 09:57:58,034:INFO:Cross validating with KFold(n_splits=10, random_state=None, shuffle=False), n_jobs=-1
2021-10-21 09:57:58,185:INFO:Calculating mean and std
2021-10-21 09:57:58,186:INFO:Creating metrics dataframe
2021-10-21 09:57:58,189:INFO:Uploading results into container
2021-10-21 09:57:58,189:INFO:Uploading model into container now
2021-10-21 09:57:58,189:INFO:create_model_container: 7
2021-10-21 09:57:58,190:INFO:master_model_container: 7
2021-10-21 09:57:58,190:INFO:display_container: 2
2021-10-21 09:57:58,190:INFO:OrthogonalMatchingPursuit(fit_intercept=True, n_nonzero_coefs=None,
                          normalize=True, precompute='auto', tol=None)
2021-10-21 09:57:58,190:INFO:create_model() succesfully completed......................................
2021-10-21 09:57:58,252:INFO:SubProcess create_model() end ==================================
2021-10-21 09:57:58,252:INFO:Creating metrics dataframe
2021-10-21 09:57:58,265:INFO:Initializing Bayesian Ridge
2021-10-21 09:57:58,265:INFO:Total runtime is 0.1985163927078247 minutes
2021-10-21 09:57:58,271:INFO:SubProcess create_model() called ==================================
2021-10-21 09:57:58,271:INFO:Initializing create_model()
2021-10-21 09:57:58,271:INFO:create_model(estimator=br, fold=KFold(n_splits=10, random_state=None, shuffle=False), round=4, cross_validation=True, predict=True, fit_kwargs={}, groups=None, refit=False, verbose=False, system=False, metrics=None, add_to_model_list=True, display=<pycaret.internal.Display.Display object at 0x0000024251B52FD0>, kwargs={})
2021-10-21 09:57:58,271:INFO:Checking exceptions
2021-10-21 09:57:58,271:INFO:Importing libraries
2021-10-21 09:57:58,271:INFO:Copying training dataset
2021-10-21 09:57:58,272:INFO:Defining folds
2021-10-21 09:57:58,273:INFO:Declaring metric variables
2021-10-21 09:57:58,278:INFO:Importing untrained model
2021-10-21 09:57:58,284:INFO:Bayesian Ridge Imported succesfully
2021-10-21 09:57:58,296:INFO:Starting cross validation
2021-10-21 09:57:58,297:INFO:Cross validating with KFold(n_splits=10, random_state=None, shuffle=False), n_jobs=-1
2021-10-21 09:57:58,463:INFO:Calculating mean and std
2021-10-21 09:57:58,464:INFO:Creating metrics dataframe
2021-10-21 09:57:58,467:INFO:Uploading results into container
2021-10-21 09:57:58,467:INFO:Uploading model into container now
2021-10-21 09:57:58,467:INFO:create_model_container: 8
2021-10-21 09:57:58,468:INFO:master_model_container: 8
2021-10-21 09:57:58,468:INFO:display_container: 2
2021-10-21 09:57:58,468:INFO:BayesianRidge(alpha_1=1e-06, alpha_2=1e-06, alpha_init=None,
              compute_score=False, copy_X=True, fit_intercept=True,
              lambda_1=1e-06, lambda_2=1e-06, lambda_init=None, n_iter=300,
              normalize=False, tol=0.001, verbose=False)
2021-10-21 09:57:58,468:INFO:create_model() succesfully completed......................................
2021-10-21 09:57:58,531:INFO:SubProcess create_model() end ==================================
2021-10-21 09:57:58,531:INFO:Creating metrics dataframe
2021-10-21 09:57:58,544:INFO:Initializing Passive Aggressive Regressor
2021-10-21 09:57:58,544:INFO:Total runtime is 0.20316736698150634 minutes
2021-10-21 09:57:58,551:INFO:SubProcess create_model() called ==================================
2021-10-21 09:57:58,551:INFO:Initializing create_model()
2021-10-21 09:57:58,551:INFO:create_model(estimator=par, fold=KFold(n_splits=10, random_state=None, shuffle=False), round=4, cross_validation=True, predict=True, fit_kwargs={}, groups=None, refit=False, verbose=False, system=False, metrics=None, add_to_model_list=True, display=<pycaret.internal.Display.Display object at 0x0000024251B52FD0>, kwargs={})
2021-10-21 09:57:58,551:INFO:Checking exceptions
2021-10-21 09:57:58,551:INFO:Importing libraries
2021-10-21 09:57:58,551:INFO:Copying training dataset
2021-10-21 09:57:58,552:INFO:Defining folds
2021-10-21 09:57:58,552:INFO:Declaring metric variables
2021-10-21 09:57:58,558:INFO:Importing untrained model
2021-10-21 09:57:58,564:INFO:Passive Aggressive Regressor Imported succesfully
2021-10-21 09:57:58,576:INFO:Starting cross validation
2021-10-21 09:57:58,577:INFO:Cross validating with KFold(n_splits=10, random_state=None, shuffle=False), n_jobs=-1
2021-10-21 09:57:58,758:INFO:Calculating mean and std
2021-10-21 09:57:58,759:INFO:Creating metrics dataframe
2021-10-21 09:57:58,762:INFO:Uploading results into container
2021-10-21 09:57:58,762:INFO:Uploading model into container now
2021-10-21 09:57:58,762:INFO:create_model_container: 9
2021-10-21 09:57:58,762:INFO:master_model_container: 9
2021-10-21 09:57:58,762:INFO:display_container: 2
2021-10-21 09:57:58,763:INFO:PassiveAggressiveRegressor(C=1.0, average=False, early_stopping=False,
                           epsilon=0.1, fit_intercept=True,
                           loss='epsilon_insensitive', max_iter=1000,
                           n_iter_no_change=5, random_state=2021, shuffle=True,
                           tol=0.001, validation_fraction=0.1, verbose=0,
                           warm_start=False)
2021-10-21 09:57:58,763:INFO:create_model() succesfully completed......................................
2021-10-21 09:57:58,825:INFO:SubProcess create_model() end ==================================
2021-10-21 09:57:58,825:INFO:Creating metrics dataframe
2021-10-21 09:57:58,839:INFO:Initializing Huber Regressor
2021-10-21 09:57:58,839:INFO:Total runtime is 0.20808303356170654 minutes
2021-10-21 09:57:58,845:INFO:SubProcess create_model() called ==================================
2021-10-21 09:57:58,846:INFO:Initializing create_model()
2021-10-21 09:57:58,846:INFO:create_model(estimator=huber, fold=KFold(n_splits=10, random_state=None, shuffle=False), round=4, cross_validation=True, predict=True, fit_kwargs={}, groups=None, refit=False, verbose=False, system=False, metrics=None, add_to_model_list=True, display=<pycaret.internal.Display.Display object at 0x0000024251B52FD0>, kwargs={})
2021-10-21 09:57:58,846:INFO:Checking exceptions
2021-10-21 09:57:58,846:INFO:Importing libraries
2021-10-21 09:57:58,846:INFO:Copying training dataset
2021-10-21 09:57:58,847:INFO:Defining folds
2021-10-21 09:57:58,847:INFO:Declaring metric variables
2021-10-21 09:57:58,852:INFO:Importing untrained model
2021-10-21 09:57:58,858:INFO:Huber Regressor Imported succesfully
2021-10-21 09:57:58,869:INFO:Starting cross validation
2021-10-21 09:57:58,870:INFO:Cross validating with KFold(n_splits=10, random_state=None, shuffle=False), n_jobs=-1
2021-10-21 09:57:59,409:INFO:Calculating mean and std
2021-10-21 09:57:59,410:INFO:Creating metrics dataframe
2021-10-21 09:57:59,413:INFO:Uploading results into container
2021-10-21 09:57:59,413:INFO:Uploading model into container now
2021-10-21 09:57:59,413:INFO:create_model_container: 10
2021-10-21 09:57:59,413:INFO:master_model_container: 10
2021-10-21 09:57:59,413:INFO:display_container: 2
2021-10-21 09:57:59,414:INFO:HuberRegressor(alpha=0.0001, epsilon=1.35, fit_intercept=True, max_iter=100,
               tol=1e-05, warm_start=False)
2021-10-21 09:57:59,414:INFO:create_model() succesfully completed......................................
2021-10-21 09:57:59,476:INFO:SubProcess create_model() end ==================================
2021-10-21 09:57:59,476:INFO:Creating metrics dataframe
2021-10-21 09:57:59,490:INFO:Initializing K Neighbors Regressor
2021-10-21 09:57:59,490:INFO:Total runtime is 0.21893321673075358 minutes
2021-10-21 09:57:59,496:INFO:SubProcess create_model() called ==================================
2021-10-21 09:57:59,496:INFO:Initializing create_model()
2021-10-21 09:57:59,496:INFO:create_model(estimator=knn, fold=KFold(n_splits=10, random_state=None, shuffle=False), round=4, cross_validation=True, predict=True, fit_kwargs={}, groups=None, refit=False, verbose=False, system=False, metrics=None, add_to_model_list=True, display=<pycaret.internal.Display.Display object at 0x0000024251B52FD0>, kwargs={})
2021-10-21 09:57:59,497:INFO:Checking exceptions
2021-10-21 09:57:59,497:INFO:Importing libraries
2021-10-21 09:57:59,497:INFO:Copying training dataset
2021-10-21 09:57:59,497:INFO:Defining folds
2021-10-21 09:57:59,497:INFO:Declaring metric variables
2021-10-21 09:57:59,503:INFO:Importing untrained model
2021-10-21 09:57:59,509:INFO:K Neighbors Regressor Imported succesfully
2021-10-21 09:57:59,520:INFO:Starting cross validation
2021-10-21 09:57:59,520:INFO:Cross validating with KFold(n_splits=10, random_state=None, shuffle=False), n_jobs=-1
2021-10-21 09:57:59,781:INFO:Calculating mean and std
2021-10-21 09:57:59,782:INFO:Creating metrics dataframe
2021-10-21 09:57:59,785:INFO:Uploading results into container
2021-10-21 09:57:59,785:INFO:Uploading model into container now
2021-10-21 09:57:59,785:INFO:create_model_container: 11
2021-10-21 09:57:59,785:INFO:master_model_container: 11
2021-10-21 09:57:59,785:INFO:display_container: 2
2021-10-21 09:57:59,786:INFO:KNeighborsRegressor(algorithm='auto', leaf_size=30, metric='minkowski',
                    metric_params=None, n_jobs=-1, n_neighbors=5, p=2,
                    weights='uniform')
2021-10-21 09:57:59,786:INFO:create_model() succesfully completed......................................
2021-10-21 09:57:59,905:INFO:SubProcess create_model() end ==================================
2021-10-21 09:57:59,905:INFO:Creating metrics dataframe
2021-10-21 09:57:59,919:INFO:Initializing Decision Tree Regressor
2021-10-21 09:57:59,919:INFO:Total runtime is 0.22608452637990317 minutes
2021-10-21 09:57:59,926:INFO:SubProcess create_model() called ==================================
2021-10-21 09:57:59,926:INFO:Initializing create_model()
2021-10-21 09:57:59,926:INFO:create_model(estimator=dt, fold=KFold(n_splits=10, random_state=None, shuffle=False), round=4, cross_validation=True, predict=True, fit_kwargs={}, groups=None, refit=False, verbose=False, system=False, metrics=None, add_to_model_list=True, display=<pycaret.internal.Display.Display object at 0x0000024251B52FD0>, kwargs={})
2021-10-21 09:57:59,926:INFO:Checking exceptions
2021-10-21 09:57:59,926:INFO:Importing libraries
2021-10-21 09:57:59,926:INFO:Copying training dataset
2021-10-21 09:57:59,927:INFO:Defining folds
2021-10-21 09:57:59,927:INFO:Declaring metric variables
2021-10-21 09:57:59,933:INFO:Importing untrained model
2021-10-21 09:57:59,939:INFO:Decision Tree Regressor Imported succesfully
2021-10-21 09:57:59,952:INFO:Starting cross validation
2021-10-21 09:57:59,953:INFO:Cross validating with KFold(n_splits=10, random_state=None, shuffle=False), n_jobs=-1
2021-10-21 09:58:00,168:INFO:Calculating mean and std
2021-10-21 09:58:00,169:INFO:Creating metrics dataframe
2021-10-21 09:58:00,172:INFO:Uploading results into container
2021-10-21 09:58:00,172:INFO:Uploading model into container now
2021-10-21 09:58:00,173:INFO:create_model_container: 12
2021-10-21 09:58:00,173:INFO:master_model_container: 12
2021-10-21 09:58:00,173:INFO:display_container: 2
2021-10-21 09:58:00,173:INFO:DecisionTreeRegressor(ccp_alpha=0.0, criterion='mse', max_depth=None,
                      max_features=None, max_leaf_nodes=None,
                      min_impurity_decrease=0.0, min_impurity_split=None,
                      min_samples_leaf=1, min_samples_split=2,
                      min_weight_fraction_leaf=0.0, presort='deprecated',
                      random_state=2021, splitter='best')
2021-10-21 09:58:00,173:INFO:create_model() succesfully completed......................................
2021-10-21 09:58:00,237:INFO:SubProcess create_model() end ==================================
2021-10-21 09:58:00,237:INFO:Creating metrics dataframe
2021-10-21 09:58:00,252:INFO:Initializing Random Forest Regressor
2021-10-21 09:58:00,252:INFO:Total runtime is 0.23162613312403363 minutes
2021-10-21 09:58:00,258:INFO:SubProcess create_model() called ==================================
2021-10-21 09:58:00,258:INFO:Initializing create_model()
2021-10-21 09:58:00,258:INFO:create_model(estimator=rf, fold=KFold(n_splits=10, random_state=None, shuffle=False), round=4, cross_validation=True, predict=True, fit_kwargs={}, groups=None, refit=False, verbose=False, system=False, metrics=None, add_to_model_list=True, display=<pycaret.internal.Display.Display object at 0x0000024251B52FD0>, kwargs={})
2021-10-21 09:58:00,258:INFO:Checking exceptions
2021-10-21 09:58:00,258:INFO:Importing libraries
2021-10-21 09:58:00,259:INFO:Copying training dataset
2021-10-21 09:58:00,259:INFO:Defining folds
2021-10-21 09:58:00,260:INFO:Declaring metric variables
2021-10-21 09:58:00,265:INFO:Importing untrained model
2021-10-21 09:58:00,271:INFO:Random Forest Regressor Imported succesfully
2021-10-21 09:58:00,282:INFO:Starting cross validation
2021-10-21 09:58:00,282:INFO:Cross validating with KFold(n_splits=10, random_state=None, shuffle=False), n_jobs=-1
2021-10-21 09:58:02,741:INFO:Calculating mean and std
2021-10-21 09:58:02,742:INFO:Creating metrics dataframe
2021-10-21 09:58:02,745:INFO:Uploading results into container
2021-10-21 09:58:02,745:INFO:Uploading model into container now
2021-10-21 09:58:02,745:INFO:create_model_container: 13
2021-10-21 09:58:02,745:INFO:master_model_container: 13
2021-10-21 09:58:02,745:INFO:display_container: 2
2021-10-21 09:58:02,746:INFO:RandomForestRegressor(bootstrap=True, ccp_alpha=0.0, criterion='mse',
                      max_depth=None, max_features='auto', max_leaf_nodes=None,
                      max_samples=None, min_impurity_decrease=0.0,
                      min_impurity_split=None, min_samples_leaf=1,
                      min_samples_split=2, min_weight_fraction_leaf=0.0,
                      n_estimators=100, n_jobs=-1, oob_score=False,
                      random_state=2021, verbose=0, warm_start=False)
2021-10-21 09:58:02,746:INFO:create_model() succesfully completed......................................
2021-10-21 09:58:02,813:INFO:SubProcess create_model() end ==================================
2021-10-21 09:58:02,813:INFO:Creating metrics dataframe
2021-10-21 09:58:02,828:INFO:Initializing Extra Trees Regressor
2021-10-21 09:58:02,828:INFO:Total runtime is 0.27456675767898564 minutes
2021-10-21 09:58:02,837:INFO:SubProcess create_model() called ==================================
2021-10-21 09:58:02,837:INFO:Initializing create_model()
2021-10-21 09:58:02,837:INFO:create_model(estimator=et, fold=KFold(n_splits=10, random_state=None, shuffle=False), round=4, cross_validation=True, predict=True, fit_kwargs={}, groups=None, refit=False, verbose=False, system=False, metrics=None, add_to_model_list=True, display=<pycaret.internal.Display.Display object at 0x0000024251B52FD0>, kwargs={})
2021-10-21 09:58:02,837:INFO:Checking exceptions
2021-10-21 09:58:02,837:INFO:Importing libraries
2021-10-21 09:58:02,837:INFO:Copying training dataset
2021-10-21 09:58:02,838:INFO:Defining folds
2021-10-21 09:58:02,838:INFO:Declaring metric variables
2021-10-21 09:58:02,845:INFO:Importing untrained model
2021-10-21 09:58:02,853:INFO:Extra Trees Regressor Imported succesfully
2021-10-21 09:58:02,865:INFO:Starting cross validation
2021-10-21 09:58:02,866:INFO:Cross validating with KFold(n_splits=10, random_state=None, shuffle=False), n_jobs=-1
2021-10-21 09:58:04,678:INFO:Calculating mean and std
2021-10-21 09:58:04,679:INFO:Creating metrics dataframe
2021-10-21 09:58:04,682:INFO:Uploading results into container
2021-10-21 09:58:04,682:INFO:Uploading model into container now
2021-10-21 09:58:04,682:INFO:create_model_container: 14
2021-10-21 09:58:04,682:INFO:master_model_container: 14
2021-10-21 09:58:04,683:INFO:display_container: 2
2021-10-21 09:58:04,683:INFO:ExtraTreesRegressor(bootstrap=False, ccp_alpha=0.0, criterion='mse',
                    max_depth=None, max_features='auto', max_leaf_nodes=None,
                    max_samples=None, min_impurity_decrease=0.0,
                    min_impurity_split=None, min_samples_leaf=1,
                    min_samples_split=2, min_weight_fraction_leaf=0.0,
                    n_estimators=100, n_jobs=-1, oob_score=False,
                    random_state=2021, verbose=0, warm_start=False)
2021-10-21 09:58:04,683:INFO:create_model() succesfully completed......................................
2021-10-21 09:58:04,746:INFO:SubProcess create_model() end ==================================
2021-10-21 09:58:04,747:INFO:Creating metrics dataframe
2021-10-21 09:58:04,762:INFO:Initializing AdaBoost Regressor
2021-10-21 09:58:04,762:INFO:Total runtime is 0.306797730922699 minutes
2021-10-21 09:58:04,768:INFO:SubProcess create_model() called ==================================
2021-10-21 09:58:04,768:INFO:Initializing create_model()
2021-10-21 09:58:04,768:INFO:create_model(estimator=ada, fold=KFold(n_splits=10, random_state=None, shuffle=False), round=4, cross_validation=True, predict=True, fit_kwargs={}, groups=None, refit=False, verbose=False, system=False, metrics=None, add_to_model_list=True, display=<pycaret.internal.Display.Display object at 0x0000024251B52FD0>, kwargs={})
2021-10-21 09:58:04,768:INFO:Checking exceptions
2021-10-21 09:58:04,768:INFO:Importing libraries
2021-10-21 09:58:04,768:INFO:Copying training dataset
2021-10-21 09:58:04,769:INFO:Defining folds
2021-10-21 09:58:04,769:INFO:Declaring metric variables
2021-10-21 09:58:04,775:INFO:Importing untrained model
2021-10-21 09:58:04,781:INFO:AdaBoost Regressor Imported succesfully
2021-10-21 09:58:04,793:INFO:Starting cross validation
2021-10-21 09:58:04,793:INFO:Cross validating with KFold(n_splits=10, random_state=None, shuffle=False), n_jobs=-1
2021-10-21 09:58:05,066:INFO:Calculating mean and std
2021-10-21 09:58:05,067:INFO:Creating metrics dataframe
2021-10-21 09:58:05,070:INFO:Uploading results into container
2021-10-21 09:58:05,070:INFO:Uploading model into container now
2021-10-21 09:58:05,070:INFO:create_model_container: 15
2021-10-21 09:58:05,070:INFO:master_model_container: 15
2021-10-21 09:58:05,070:INFO:display_container: 2
2021-10-21 09:58:05,070:INFO:AdaBoostRegressor(base_estimator=None, learning_rate=1.0, loss='linear',
                  n_estimators=50, random_state=2021)
2021-10-21 09:58:05,070:INFO:create_model() succesfully completed......................................
2021-10-21 09:58:05,133:INFO:SubProcess create_model() end ==================================
2021-10-21 09:58:05,133:INFO:Creating metrics dataframe
2021-10-21 09:58:05,148:INFO:Initializing Gradient Boosting Regressor
2021-10-21 09:58:05,148:INFO:Total runtime is 0.3132330218950908 minutes
2021-10-21 09:58:05,154:INFO:SubProcess create_model() called ==================================
2021-10-21 09:58:05,154:INFO:Initializing create_model()
2021-10-21 09:58:05,154:INFO:create_model(estimator=gbr, fold=KFold(n_splits=10, random_state=None, shuffle=False), round=4, cross_validation=True, predict=True, fit_kwargs={}, groups=None, refit=False, verbose=False, system=False, metrics=None, add_to_model_list=True, display=<pycaret.internal.Display.Display object at 0x0000024251B52FD0>, kwargs={})
2021-10-21 09:58:05,155:INFO:Checking exceptions
2021-10-21 09:58:05,155:INFO:Importing libraries
2021-10-21 09:58:05,155:INFO:Copying training dataset
2021-10-21 09:58:05,155:INFO:Defining folds
2021-10-21 09:58:05,156:INFO:Declaring metric variables
2021-10-21 09:58:05,161:INFO:Importing untrained model
2021-10-21 09:58:05,167:INFO:Gradient Boosting Regressor Imported succesfully
2021-10-21 09:58:05,178:INFO:Starting cross validation
2021-10-21 09:58:05,179:INFO:Cross validating with KFold(n_splits=10, random_state=None, shuffle=False), n_jobs=-1
2021-10-21 09:58:06,275:INFO:Calculating mean and std
2021-10-21 09:58:06,276:INFO:Creating metrics dataframe
2021-10-21 09:58:06,279:INFO:Uploading results into container
2021-10-21 09:58:06,279:INFO:Uploading model into container now
2021-10-21 09:58:06,279:INFO:create_model_container: 16
2021-10-21 09:58:06,279:INFO:master_model_container: 16
2021-10-21 09:58:06,279:INFO:display_container: 2
2021-10-21 09:58:06,280:INFO:GradientBoostingRegressor(alpha=0.9, ccp_alpha=0.0, criterion='friedman_mse',
                          init=None, learning_rate=0.1, loss='ls', max_depth=3,
                          max_features=None, max_leaf_nodes=None,
                          min_impurity_decrease=0.0, min_impurity_split=None,
                          min_samples_leaf=1, min_samples_split=2,
                          min_weight_fraction_leaf=0.0, n_estimators=100,
                          n_iter_no_change=None, presort='deprecated',
                          random_state=2021, subsample=1.0, tol=0.0001,
                          validation_fraction=0.1, verbose=0, warm_start=False)
2021-10-21 09:58:06,280:INFO:create_model() succesfully completed......................................
2021-10-21 09:58:06,343:INFO:SubProcess create_model() end ==================================
2021-10-21 09:58:06,343:INFO:Creating metrics dataframe
2021-10-21 09:58:06,359:INFO:Initializing Extreme Gradient Boosting
2021-10-21 09:58:06,359:INFO:Total runtime is 0.3334082126617432 minutes
2021-10-21 09:58:06,364:INFO:SubProcess create_model() called ==================================
2021-10-21 09:58:06,365:INFO:Initializing create_model()
2021-10-21 09:58:06,365:INFO:create_model(estimator=xgboost, fold=KFold(n_splits=10, random_state=None, shuffle=False), round=4, cross_validation=True, predict=True, fit_kwargs={}, groups=None, refit=False, verbose=False, system=False, metrics=None, add_to_model_list=True, display=<pycaret.internal.Display.Display object at 0x0000024251B52FD0>, kwargs={})
2021-10-21 09:58:06,365:INFO:Checking exceptions
2021-10-21 09:58:06,365:INFO:Importing libraries
2021-10-21 09:58:06,365:INFO:Copying training dataset
2021-10-21 09:58:06,366:INFO:Defining folds
2021-10-21 09:58:06,366:INFO:Declaring metric variables
2021-10-21 09:58:06,371:INFO:Importing untrained model
2021-10-21 09:58:06,378:INFO:Extreme Gradient Boosting Imported succesfully
2021-10-21 09:58:06,390:INFO:Starting cross validation
2021-10-21 09:58:06,391:INFO:Cross validating with KFold(n_splits=10, random_state=None, shuffle=False), n_jobs=-1
2021-10-21 09:58:08,632:INFO:Calculating mean and std
2021-10-21 09:58:08,632:INFO:Creating metrics dataframe
2021-10-21 09:58:08,636:INFO:Uploading results into container
2021-10-21 09:58:08,636:INFO:Uploading model into container now
2021-10-21 09:58:08,636:INFO:create_model_container: 17
2021-10-21 09:58:08,636:INFO:master_model_container: 17
2021-10-21 09:58:08,636:INFO:display_container: 2
2021-10-21 09:58:08,637:INFO:XGBRegressor(base_score=None, booster='gbtree', colsample_bylevel=None,
             colsample_bynode=None, colsample_bytree=None, gamma=None,
             gpu_id=None, importance_type='gain', interaction_constraints=None,
             learning_rate=None, max_delta_step=None, max_depth=None,
             min_child_weight=None, missing=nan, monotone_constraints=None,
             n_estimators=100, n_jobs=-1, num_parallel_tree=None,
             objective='reg:squarederror', random_state=2021, reg_alpha=None,
             reg_lambda=None, scale_pos_weight=None, subsample=None,
             tree_method='auto', validate_parameters=None, verbosity=0)
2021-10-21 09:58:08,637:INFO:create_model() succesfully completed......................................
2021-10-21 09:58:08,702:INFO:SubProcess create_model() end ==================================
2021-10-21 09:58:08,702:INFO:Creating metrics dataframe
2021-10-21 09:58:08,718:INFO:Initializing Light Gradient Boosting Machine
2021-10-21 09:58:08,718:INFO:Total runtime is 0.3727246999740601 minutes
2021-10-21 09:58:08,724:INFO:SubProcess create_model() called ==================================
2021-10-21 09:58:08,724:INFO:Initializing create_model()
2021-10-21 09:58:08,724:INFO:create_model(estimator=lightgbm, fold=KFold(n_splits=10, random_state=None, shuffle=False), round=4, cross_validation=True, predict=True, fit_kwargs={}, groups=None, refit=False, verbose=False, system=False, metrics=None, add_to_model_list=True, display=<pycaret.internal.Display.Display object at 0x0000024251B52FD0>, kwargs={})
2021-10-21 09:58:08,724:INFO:Checking exceptions
2021-10-21 09:58:08,724:INFO:Importing libraries
2021-10-21 09:58:08,725:INFO:Copying training dataset
2021-10-21 09:58:08,725:INFO:Defining folds
2021-10-21 09:58:08,725:INFO:Declaring metric variables
2021-10-21 09:58:08,731:INFO:Importing untrained model
2021-10-21 09:58:08,738:INFO:Light Gradient Boosting Machine Imported succesfully
2021-10-21 09:58:08,750:INFO:Starting cross validation
2021-10-21 09:58:08,751:INFO:Cross validating with KFold(n_splits=10, random_state=None, shuffle=False), n_jobs=-1
2021-10-21 09:58:09,716:INFO:Calculating mean and std
2021-10-21 09:58:09,717:INFO:Creating metrics dataframe
2021-10-21 09:58:09,720:INFO:Uploading results into container
2021-10-21 09:58:09,720:INFO:Uploading model into container now
2021-10-21 09:58:09,720:INFO:create_model_container: 18
2021-10-21 09:58:09,721:INFO:master_model_container: 18
2021-10-21 09:58:09,721:INFO:display_container: 2
2021-10-21 09:58:09,721:INFO:LGBMRegressor(boosting_type='gbdt', class_weight=None, colsample_bytree=1.0,
              importance_type='split', learning_rate=0.1, max_depth=-1,
              min_child_samples=20, min_child_weight=0.001, min_split_gain=0.0,
              n_estimators=100, n_jobs=-1, num_leaves=31, objective=None,
              random_state=2021, reg_alpha=0.0, reg_lambda=0.0, silent='warn',
              subsample=1.0, subsample_for_bin=200000, subsample_freq=0)
2021-10-21 09:58:09,721:INFO:create_model() succesfully completed......................................
2021-10-21 09:58:09,785:INFO:SubProcess create_model() end ==================================
2021-10-21 09:58:09,785:INFO:Creating metrics dataframe
2021-10-21 09:58:09,815:INFO:Initializing create_model()
2021-10-21 09:58:09,815:INFO:create_model(estimator=ExtraTreesRegressor(bootstrap=False, ccp_alpha=0.0, criterion='mse',
                    max_depth=None, max_features='auto', max_leaf_nodes=None,
                    max_samples=None, min_impurity_decrease=0.0,
                    min_impurity_split=None, min_samples_leaf=1,
                    min_samples_split=2, min_weight_fraction_leaf=0.0,
                    n_estimators=100, n_jobs=-1, oob_score=False,
                    random_state=2021, verbose=0, warm_start=False), fold=KFold(n_splits=10, random_state=None, shuffle=False), round=4, cross_validation=False, predict=False, fit_kwargs={}, groups=None, refit=True, verbose=False, system=False, metrics=None, add_to_model_list=True, display=None, kwargs={})
2021-10-21 09:58:09,815:INFO:Checking exceptions
2021-10-21 09:58:09,815:INFO:Importing libraries
2021-10-21 09:58:09,815:INFO:Copying training dataset
2021-10-21 09:58:09,816:INFO:Defining folds
2021-10-21 09:58:09,816:INFO:Declaring metric variables
2021-10-21 09:58:09,816:INFO:Importing untrained model
2021-10-21 09:58:09,816:INFO:Declaring custom model
2021-10-21 09:58:09,817:INFO:Extra Trees Regressor Imported succesfully
2021-10-21 09:58:09,817:INFO:Cross validation set to False
2021-10-21 09:58:09,818:INFO:Fitting Model
2021-10-21 09:58:10,147:INFO:ExtraTreesRegressor(bootstrap=False, ccp_alpha=0.0, criterion='mse',
                    max_depth=None, max_features='auto', max_leaf_nodes=None,
                    max_samples=None, min_impurity_decrease=0.0,
                    min_impurity_split=None, min_samples_leaf=1,
                    min_samples_split=2, min_weight_fraction_leaf=0.0,
                    n_estimators=100, n_jobs=-1, oob_score=False,
                    random_state=2021, verbose=0, warm_start=False)
2021-10-21 09:58:10,147:INFO:create_models() succesfully completed......................................
2021-10-21 09:58:10,246:INFO:create_model_container: 18
2021-10-21 09:58:10,246:INFO:master_model_container: 18
2021-10-21 09:58:10,246:INFO:display_container: 2
2021-10-21 09:58:10,246:INFO:ExtraTreesRegressor(bootstrap=False, ccp_alpha=0.0, criterion='mse',
                    max_depth=None, max_features='auto', max_leaf_nodes=None,
                    max_samples=None, min_impurity_decrease=0.0,
                    min_impurity_split=None, min_samples_leaf=1,
                    min_samples_split=2, min_weight_fraction_leaf=0.0,
                    n_estimators=100, n_jobs=-1, oob_score=False,
                    random_state=2021, verbose=0, warm_start=False)
2021-10-21 09:58:10,247:INFO:compare_models() succesfully completed......................................
2021-10-21 09:59:01,105:INFO:gpu_param set to False
2021-10-21 09:59:01,234:WARNING:Couldn't import catboost.CatBoostRegressor
2021-10-21 10:00:16,742:INFO:Initializing create_model()
2021-10-21 10:00:16,743:INFO:create_model(estimator=et, fold=None, round=4, cross_validation=True, predict=True, fit_kwargs=None, groups=None, refit=True, verbose=True, system=True, metrics=None, add_to_model_list=True, display=None, kwargs={})
2021-10-21 10:00:16,743:INFO:Checking exceptions
2021-10-21 10:00:16,743:INFO:Preparing display monitor
2021-10-21 10:00:16,756:INFO:Importing libraries
2021-10-21 10:00:16,756:INFO:Copying training dataset
2021-10-21 10:00:16,757:INFO:Defining folds
2021-10-21 10:00:16,757:INFO:Declaring metric variables
2021-10-21 10:00:16,764:INFO:Importing untrained model
2021-10-21 10:00:16,770:INFO:Extra Trees Regressor Imported succesfully
2021-10-21 10:00:16,782:INFO:Starting cross validation
2021-10-21 10:00:16,782:INFO:Cross validating with KFold(n_splits=10, random_state=None, shuffle=False), n_jobs=-1
2021-10-21 10:00:18,581:INFO:Calculating mean and std
2021-10-21 10:00:18,582:INFO:Creating metrics dataframe
2021-10-21 10:00:18,590:INFO:Finalizing model
2021-10-21 10:00:18,904:INFO:Uploading results into container
2021-10-21 10:00:18,904:INFO:Uploading model into container now
2021-10-21 10:00:18,913:INFO:create_model_container: 19
2021-10-21 10:00:18,913:INFO:master_model_container: 19
2021-10-21 10:00:18,913:INFO:display_container: 3
2021-10-21 10:00:18,914:INFO:ExtraTreesRegressor(bootstrap=False, ccp_alpha=0.0, criterion='mse',
                    max_depth=None, max_features='auto', max_leaf_nodes=None,
                    max_samples=None, min_impurity_decrease=0.0,
                    min_impurity_split=None, min_samples_leaf=1,
                    min_samples_split=2, min_weight_fraction_leaf=0.0,
                    n_estimators=100, n_jobs=-1, oob_score=False,
                    random_state=2021, verbose=0, warm_start=False)
2021-10-21 10:00:18,914:INFO:create_model() succesfully completed......................................
2021-10-21 10:01:07,686:INFO:Initializing tune_model()
2021-10-21 10:01:07,686:INFO:tune_model(estimator=ExtraTreesRegressor(bootstrap=False, ccp_alpha=0.0, criterion='mse',
                    max_depth=None, max_features='auto', max_leaf_nodes=None,
                    max_samples=None, min_impurity_decrease=0.0,
                    min_impurity_split=None, min_samples_leaf=1,
                    min_samples_split=2, min_weight_fraction_leaf=0.0,
                    n_estimators=100, n_jobs=-1, oob_score=False,
                    random_state=2021, verbose=0, warm_start=False), fold=None, round=4, n_iter=10, custom_grid=None, optimize=R2, custom_scorer=None, search_library=scikit-learn, search_algorithm=None, early_stopping=False, early_stopping_max_iters=10, choose_better=False, fit_kwargs=None, groups=None, return_tuner=False, verbose=True, tuner_verbose=True, display=None, kwargs={})
2021-10-21 10:01:07,686:INFO:Checking exceptions
2021-10-21 10:01:07,686:INFO:Preparing display monitor
2021-10-21 10:01:07,700:INFO:Copying training dataset
2021-10-21 10:01:07,701:INFO:Checking base model
2021-10-21 10:01:07,701:INFO:Base model : Extra Trees Regressor
2021-10-21 10:01:07,707:INFO:Declaring metric variables
2021-10-21 10:01:07,713:INFO:Defining Hyperparameters
2021-10-21 10:01:07,776:INFO:Tuning with n_jobs=-1
2021-10-21 10:01:07,776:INFO:Initializing RandomizedSearchCV
2021-10-21 10:08:42,671:INFO:best_params: {'actual_estimator__n_estimators': 40, 'actual_estimator__min_samples_split': 9, 'actual_estimator__min_samples_leaf': 5, 'actual_estimator__min_impurity_decrease': 0.001, 'actual_estimator__max_features': 'sqrt', 'actual_estimator__max_depth': 9, 'actual_estimator__criterion': 'mse', 'actual_estimator__bootstrap': True}
2021-10-21 10:08:42,672:INFO:Hyperparameter search completed
2021-10-21 10:08:42,672:INFO:SubProcess create_model() called ==================================
2021-10-21 10:08:42,672:INFO:Initializing create_model()
2021-10-21 10:08:42,672:INFO:create_model(estimator=ExtraTreesRegressor(bootstrap=False, ccp_alpha=0.0, criterion='mse',
                    max_depth=None, max_features='auto', max_leaf_nodes=None,
                    max_samples=None, min_impurity_decrease=0.0,
                    min_impurity_split=None, min_samples_leaf=1,
                    min_samples_split=2, min_weight_fraction_leaf=0.0,
                    n_estimators=100, n_jobs=-1, oob_score=False,
                    random_state=2021, verbose=0, warm_start=False), fold=KFold(n_splits=10, random_state=None, shuffle=False), round=4, cross_validation=True, predict=True, fit_kwargs={}, groups=None, refit=True, verbose=True, system=False, metrics=None, add_to_model_list=True, display=<pycaret.internal.Display.Display object at 0x00000242513E4550>, kwargs={'n_estimators': 40, 'min_samples_split': 9, 'min_samples_leaf': 5, 'min_impurity_decrease': 0.001, 'max_features': 'sqrt', 'max_depth': 9, 'criterion': 'mse', 'bootstrap': True})
2021-10-21 10:08:42,673:INFO:Checking exceptions
2021-10-21 10:08:42,673:INFO:Importing libraries
2021-10-21 10:08:42,673:INFO:Copying training dataset
2021-10-21 10:08:42,674:INFO:Defining folds
2021-10-21 10:08:42,674:INFO:Declaring metric variables
2021-10-21 10:08:42,680:INFO:Importing untrained model
2021-10-21 10:08:42,680:INFO:Declaring custom model
2021-10-21 10:08:42,687:INFO:Extra Trees Regressor Imported succesfully
2021-10-21 10:08:42,699:INFO:Starting cross validation
2021-10-21 10:08:42,699:INFO:Cross validating with KFold(n_splits=10, random_state=None, shuffle=False), n_jobs=-1
2021-10-21 10:08:42,996:INFO:Calculating mean and std
2021-10-21 10:08:42,997:INFO:Creating metrics dataframe
2021-10-21 10:08:43,006:INFO:Finalizing model
2021-10-21 10:08:43,099:INFO:Uploading results into container
2021-10-21 10:08:43,099:INFO:Uploading model into container now
2021-10-21 10:08:43,099:INFO:create_model_container: 20
2021-10-21 10:08:43,099:INFO:master_model_container: 20
2021-10-21 10:08:43,099:INFO:display_container: 4
2021-10-21 10:08:43,100:INFO:ExtraTreesRegressor(bootstrap=True, ccp_alpha=0.0, criterion='mse', max_depth=9,
                    max_features='sqrt', max_leaf_nodes=None, max_samples=None,
                    min_impurity_decrease=0.001, min_impurity_split=None,
                    min_samples_leaf=5, min_samples_split=9,
                    min_weight_fraction_leaf=0.0, n_estimators=40, n_jobs=-1,
                    oob_score=False, random_state=2021, verbose=0,
                    warm_start=False)
2021-10-21 10:08:43,100:INFO:create_model() succesfully completed......................................
2021-10-21 10:08:43,165:INFO:SubProcess create_model() end ==================================
2021-10-21 10:08:43,174:INFO:create_model_container: 20
2021-10-21 10:08:43,174:INFO:master_model_container: 20
2021-10-21 10:08:43,174:INFO:display_container: 4
2021-10-21 10:08:43,175:INFO:ExtraTreesRegressor(bootstrap=True, ccp_alpha=0.0, criterion='mse', max_depth=9,
                    max_features='sqrt', max_leaf_nodes=None, max_samples=None,
                    min_impurity_decrease=0.001, min_impurity_split=None,
                    min_samples_leaf=5, min_samples_split=9,
                    min_weight_fraction_leaf=0.0, n_estimators=40, n_jobs=-1,
                    oob_score=False, random_state=2021, verbose=0,
                    warm_start=False)
2021-10-21 10:08:43,175:INFO:tune_model() succesfully completed......................................
2021-10-21 10:11:49,349:INFO:Initializing plot_model()
2021-10-21 10:11:49,349:INFO:plot_model(fold=None, use_train_data=False, verbose=True, is_in_evaluate=False, display=None, display_format=None, estimator=ExtraTreesRegressor(bootstrap=True, ccp_alpha=0.0, criterion='mse', max_depth=9,
                    max_features='sqrt', max_leaf_nodes=None, max_samples=None,
                    min_impurity_decrease=0.001, min_impurity_split=None,
                    min_samples_leaf=5, min_samples_split=9,
                    min_weight_fraction_leaf=0.0, n_estimators=40, n_jobs=-1,
                    oob_score=False, random_state=2021, verbose=0,
                    warm_start=False), feature_name=None, fit_kwargs=None, groups=None, label=False, plot=residuals, save=False, scale=1, system=True)
2021-10-21 10:11:49,349:INFO:Checking exceptions
2021-10-21 10:11:49,359:INFO:Preparing display monitor
2021-10-21 10:11:49,365:INFO:Preloading libraries
2021-10-21 10:11:49,369:INFO:Copying training dataset
2021-10-21 10:11:49,370:INFO:Copying test dataset
2021-10-21 10:11:49,371:INFO:Plot type: residuals
2021-10-21 10:11:50,178:INFO:Fitting Model
2021-10-21 10:11:50,262:INFO:Scoring test/hold-out set
2021-10-21 10:11:51,417:INFO:Visual Rendered Successfully
2021-10-21 10:11:51,487:INFO:plot_model() succesfully completed......................................
2021-10-21 10:12:49,661:INFO:Initializing plot_model()
2021-10-21 10:12:49,661:INFO:plot_model(fold=None, use_train_data=False, verbose=True, is_in_evaluate=False, display=None, display_format=None, estimator=ExtraTreesRegressor(bootstrap=True, ccp_alpha=0.0, criterion='mse', max_depth=9,
                    max_features='sqrt', max_leaf_nodes=None, max_samples=None,
                    min_impurity_decrease=0.001, min_impurity_split=None,
                    min_samples_leaf=5, min_samples_split=9,
                    min_weight_fraction_leaf=0.0, n_estimators=40, n_jobs=-1,
                    oob_score=False, random_state=2021, verbose=0,
                    warm_start=False), feature_name=None, fit_kwargs=None, groups=None, label=False, plot=error, save=False, scale=1, system=True)
2021-10-21 10:12:49,661:INFO:Checking exceptions
2021-10-21 10:12:49,671:INFO:Preparing display monitor
2021-10-21 10:12:49,677:INFO:Preloading libraries
2021-10-21 10:12:49,681:INFO:Copying training dataset
2021-10-21 10:12:49,682:INFO:Copying test dataset
2021-10-21 10:12:49,682:INFO:Plot type: error
2021-10-21 10:12:49,701:INFO:Fitting Model
2021-10-21 10:12:49,702:INFO:Scoring test/hold-out set
2021-10-21 10:12:49,948:INFO:Visual Rendered Successfully
2021-10-21 10:12:50,016:INFO:plot_model() succesfully completed......................................
2021-10-21 10:13:19,748:INFO:Initializing plot_model()
2021-10-21 10:13:19,749:INFO:plot_model(fold=None, use_train_data=False, verbose=True, is_in_evaluate=False, display=None, display_format=None, estimator=ExtraTreesRegressor(bootstrap=True, ccp_alpha=0.0, criterion='mse', max_depth=9,
                    max_features='sqrt', max_leaf_nodes=None, max_samples=None,
                    min_impurity_decrease=0.001, min_impurity_split=None,
                    min_samples_leaf=5, min_samples_split=9,
                    min_weight_fraction_leaf=0.0, n_estimators=40, n_jobs=-1,
                    oob_score=False, random_state=2021, verbose=0,
                    warm_start=False), feature_name=None, fit_kwargs=None, groups=None, label=False, plot=feature, save=False, scale=1, system=True)
2021-10-21 10:13:19,749:INFO:Checking exceptions
2021-10-21 10:13:19,758:INFO:Preparing display monitor
2021-10-21 10:13:19,764:INFO:Preloading libraries
2021-10-21 10:13:19,768:INFO:Copying training dataset
2021-10-21 10:13:19,769:INFO:Copying test dataset
2021-10-21 10:13:19,769:INFO:Plot type: feature
2021-10-21 10:13:19,789:WARNING:No coef_ found. Trying feature_importances_
2021-10-21 10:13:19,910:INFO:Visual Rendered Successfully
2021-10-21 10:13:19,978:INFO:plot_model() succesfully completed......................................
2021-10-21 10:14:28,906:INFO:Initializing evaluate_model()
2021-10-21 10:14:28,906:INFO:evaluate_model(estimator=ExtraTreesRegressor(bootstrap=True, ccp_alpha=0.0, criterion='mse', max_depth=9,
                    max_features='sqrt', max_leaf_nodes=None, max_samples=None,
                    min_impurity_decrease=0.001, min_impurity_split=None,
                    min_samples_leaf=5, min_samples_split=9,
                    min_weight_fraction_leaf=0.0, n_estimators=40, n_jobs=-1,
                    oob_score=False, random_state=2021, verbose=0,
                    warm_start=False), fold=None, fit_kwargs=None, feature_name=None, groups=None, use_train_data=False)
2021-10-21 10:14:28,945:INFO:Initializing plot_model()
2021-10-21 10:14:28,945:INFO:plot_model(fold=KFold(n_splits=10, random_state=None, shuffle=False), use_train_data=False, verbose=True, is_in_evaluate=True, display=None, display_format=None, estimator=ExtraTreesRegressor(bootstrap=True, ccp_alpha=0.0, criterion='mse', max_depth=9,
                    max_features='sqrt', max_leaf_nodes=None, max_samples=None,
                    min_impurity_decrease=0.001, min_impurity_split=None,
                    min_samples_leaf=5, min_samples_split=9,
                    min_weight_fraction_leaf=0.0, n_estimators=40, n_jobs=-1,
                    oob_score=False, random_state=2021, verbose=0,
                    warm_start=False), feature_name=None, fit_kwargs={}, groups=None, label=False, plot=parameter, save=False, scale=1, system=True)
2021-10-21 10:14:28,945:INFO:Checking exceptions
2021-10-21 10:14:28,956:INFO:Preparing display monitor
2021-10-21 10:14:28,962:INFO:Preloading libraries
2021-10-21 10:14:28,966:INFO:Copying training dataset
2021-10-21 10:14:28,967:INFO:Copying test dataset
2021-10-21 10:14:28,967:INFO:Plot type: parameter
2021-10-21 10:14:28,990:INFO:Visual Rendered Successfully
2021-10-21 10:14:29,055:INFO:plot_model() succesfully completed......................................
2021-10-21 10:14:32,204:INFO:Initializing plot_model()
2021-10-21 10:14:32,205:INFO:plot_model(fold=KFold(n_splits=10, random_state=None, shuffle=False), use_train_data=False, verbose=True, is_in_evaluate=True, display=None, display_format=None, estimator=ExtraTreesRegressor(bootstrap=True, ccp_alpha=0.0, criterion='mse', max_depth=9,
                    max_features='sqrt', max_leaf_nodes=None, max_samples=None,
                    min_impurity_decrease=0.001, min_impurity_split=None,
                    min_samples_leaf=5, min_samples_split=9,
                    min_weight_fraction_leaf=0.0, n_estimators=40, n_jobs=-1,
                    oob_score=False, random_state=2021, verbose=0,
                    warm_start=False), feature_name=None, fit_kwargs={}, groups=None, label=False, plot=residuals, save=False, scale=1, system=True)
2021-10-21 10:14:32,205:INFO:Checking exceptions
2021-10-21 10:14:32,215:INFO:Preparing display monitor
2021-10-21 10:14:32,220:INFO:Preloading libraries
2021-10-21 10:14:32,224:INFO:Copying training dataset
2021-10-21 10:14:32,225:INFO:Copying test dataset
2021-10-21 10:14:32,225:INFO:Plot type: residuals
2021-10-21 10:14:32,271:INFO:Fitting Model
2021-10-21 10:14:32,322:INFO:Scoring test/hold-out set
2021-10-21 10:14:32,769:INFO:Visual Rendered Successfully
2021-10-21 10:14:32,839:INFO:plot_model() succesfully completed......................................
2021-10-21 10:14:34,342:INFO:Initializing plot_model()
2021-10-21 10:14:34,342:INFO:plot_model(fold=KFold(n_splits=10, random_state=None, shuffle=False), use_train_data=False, verbose=True, is_in_evaluate=True, display=None, display_format=None, estimator=ExtraTreesRegressor(bootstrap=True, ccp_alpha=0.0, criterion='mse', max_depth=9,
                    max_features='sqrt', max_leaf_nodes=None, max_samples=None,
                    min_impurity_decrease=0.001, min_impurity_split=None,
                    min_samples_leaf=5, min_samples_split=9,
                    min_weight_fraction_leaf=0.0, n_estimators=40, n_jobs=-1,
                    oob_score=False, random_state=2021, verbose=0,
                    warm_start=False), feature_name=None, fit_kwargs={}, groups=None, label=False, plot=parameter, save=False, scale=1, system=True)
2021-10-21 10:14:34,342:INFO:Checking exceptions
2021-10-21 10:14:34,351:INFO:Preparing display monitor
2021-10-21 10:14:34,357:INFO:Preloading libraries
2021-10-21 10:14:34,361:INFO:Copying training dataset
2021-10-21 10:14:34,361:INFO:Copying test dataset
2021-10-21 10:14:34,362:INFO:Plot type: parameter
2021-10-21 10:14:34,384:INFO:Visual Rendered Successfully
2021-10-21 10:14:34,449:INFO:plot_model() succesfully completed......................................
2021-10-21 10:14:37,424:INFO:Initializing plot_model()
2021-10-21 10:14:37,425:INFO:plot_model(fold=KFold(n_splits=10, random_state=None, shuffle=False), use_train_data=False, verbose=True, is_in_evaluate=True, display=None, display_format=None, estimator=ExtraTreesRegressor(bootstrap=True, ccp_alpha=0.0, criterion='mse', max_depth=9,
                    max_features='sqrt', max_leaf_nodes=None, max_samples=None,
                    min_impurity_decrease=0.001, min_impurity_split=None,
                    min_samples_leaf=5, min_samples_split=9,
                    min_weight_fraction_leaf=0.0, n_estimators=40, n_jobs=-1,
                    oob_score=False, random_state=2021, verbose=0,
                    warm_start=False), feature_name=None, fit_kwargs={}, groups=None, label=False, plot=error, save=False, scale=1, system=True)
2021-10-21 10:14:37,425:INFO:Checking exceptions
2021-10-21 10:14:37,434:INFO:Preparing display monitor
2021-10-21 10:14:37,440:INFO:Preloading libraries
2021-10-21 10:14:37,444:INFO:Copying training dataset
2021-10-21 10:14:37,444:INFO:Copying test dataset
2021-10-21 10:14:37,444:INFO:Plot type: error
2021-10-21 10:14:37,463:INFO:Fitting Model
2021-10-21 10:14:37,464:INFO:Scoring test/hold-out set
2021-10-21 10:14:37,682:INFO:Visual Rendered Successfully
2021-10-21 10:14:37,750:INFO:plot_model() succesfully completed......................................
2021-10-21 10:14:39,382:INFO:Initializing plot_model()
2021-10-21 10:14:39,382:INFO:plot_model(fold=KFold(n_splits=10, random_state=None, shuffle=False), use_train_data=False, verbose=True, is_in_evaluate=True, display=None, display_format=None, estimator=ExtraTreesRegressor(bootstrap=True, ccp_alpha=0.0, criterion='mse', max_depth=9,
                    max_features='sqrt', max_leaf_nodes=None, max_samples=None,
                    min_impurity_decrease=0.001, min_impurity_split=None,
                    min_samples_leaf=5, min_samples_split=9,
                    min_weight_fraction_leaf=0.0, n_estimators=40, n_jobs=-1,
                    oob_score=False, random_state=2021, verbose=0,
                    warm_start=False), feature_name=None, fit_kwargs={}, groups=None, label=False, plot=rfe, save=False, scale=1, system=True)
2021-10-21 10:14:39,382:INFO:Checking exceptions
2021-10-21 10:14:39,392:INFO:Preparing display monitor
2021-10-21 10:14:39,399:INFO:Preloading libraries
2021-10-21 10:14:39,403:INFO:Copying training dataset
2021-10-21 10:14:39,403:INFO:Copying test dataset
2021-10-21 10:14:39,404:INFO:Plot type: rfe
2021-10-21 10:14:39,535:INFO:Fitting Model
2021-10-21 10:24:30,720:INFO:Initializing plot_model()
2021-10-21 10:24:30,721:INFO:plot_model(fold=KFold(n_splits=10, random_state=None, shuffle=False), use_train_data=False, verbose=True, is_in_evaluate=True, display=None, display_format=None, estimator=ExtraTreesRegressor(bootstrap=True, ccp_alpha=0.0, criterion='mse', max_depth=9,
                    max_features='sqrt', max_leaf_nodes=None, max_samples=None,
                    min_impurity_decrease=0.001, min_impurity_split=None,
                    min_samples_leaf=5, min_samples_split=9,
                    min_weight_fraction_leaf=0.0, n_estimators=40, n_jobs=-1,
                    oob_score=False, random_state=2021, verbose=0,
                    warm_start=False), feature_name=None, fit_kwargs={}, groups=None, label=False, plot=parameter, save=False, scale=1, system=True)
2021-10-21 10:24:30,721:INFO:Checking exceptions
2021-10-21 10:24:30,730:INFO:Preparing display monitor
2021-10-21 10:24:30,736:INFO:Preloading libraries
2021-10-21 10:24:30,740:INFO:Copying training dataset
2021-10-21 10:24:30,741:INFO:Copying test dataset
2021-10-21 10:24:30,741:INFO:Plot type: parameter
2021-10-21 10:24:30,763:INFO:Visual Rendered Successfully
2021-10-21 10:24:30,858:INFO:plot_model() succesfully completed......................................
2021-10-21 10:24:30,864:INFO:Initializing evaluate_model()
2021-10-21 10:24:30,865:INFO:evaluate_model(estimator=ExtraTreesRegressor(bootstrap=True, ccp_alpha=0.0, criterion='mse', max_depth=9,
                    max_features='sqrt', max_leaf_nodes=None, max_samples=None,
                    min_impurity_decrease=0.001, min_impurity_split=None,
                    min_samples_leaf=5, min_samples_split=9,
                    min_weight_fraction_leaf=0.0, n_estimators=40, n_jobs=-1,
                    oob_score=False, random_state=2021, verbose=0,
                    warm_start=False), fold=None, fit_kwargs=None, feature_name=None, groups=None, use_train_data=False)
2021-10-21 10:24:30,880:INFO:Initializing plot_model()
2021-10-21 10:24:30,880:INFO:plot_model(fold=KFold(n_splits=10, random_state=None, shuffle=False), use_train_data=False, verbose=True, is_in_evaluate=True, display=None, display_format=None, estimator=ExtraTreesRegressor(bootstrap=True, ccp_alpha=0.0, criterion='mse', max_depth=9,
                    max_features='sqrt', max_leaf_nodes=None, max_samples=None,
                    min_impurity_decrease=0.001, min_impurity_split=None,
                    min_samples_leaf=5, min_samples_split=9,
                    min_weight_fraction_leaf=0.0, n_estimators=40, n_jobs=-1,
                    oob_score=False, random_state=2021, verbose=0,
                    warm_start=False), feature_name=None, fit_kwargs={}, groups=None, label=False, plot=parameter, save=False, scale=1, system=True)
2021-10-21 10:24:30,881:INFO:Checking exceptions
2021-10-21 10:24:30,890:INFO:Preparing display monitor
2021-10-21 10:24:30,896:INFO:Preloading libraries
2021-10-21 10:24:30,900:INFO:Copying training dataset
2021-10-21 10:24:30,900:INFO:Copying test dataset
2021-10-21 10:24:30,901:INFO:Plot type: parameter
2021-10-21 10:24:30,923:INFO:Visual Rendered Successfully
2021-10-21 10:24:31,010:INFO:plot_model() succesfully completed......................................
2021-10-21 10:24:31,027:INFO:Initializing evaluate_model()
2021-10-21 10:24:31,027:INFO:evaluate_model(estimator=ExtraTreesRegressor(bootstrap=True, ccp_alpha=0.0, criterion='mse', max_depth=9,
                    max_features='sqrt', max_leaf_nodes=None, max_samples=None,
                    min_impurity_decrease=0.001, min_impurity_split=None,
                    min_samples_leaf=5, min_samples_split=9,
                    min_weight_fraction_leaf=0.0, n_estimators=40, n_jobs=-1,
                    oob_score=False, random_state=2021, verbose=0,
                    warm_start=False), fold=None, fit_kwargs=None, feature_name=None, groups=None, use_train_data=False)
2021-10-21 10:24:31,043:INFO:Initializing plot_model()
2021-10-21 10:24:31,043:INFO:plot_model(fold=KFold(n_splits=10, random_state=None, shuffle=False), use_train_data=False, verbose=True, is_in_evaluate=True, display=None, display_format=None, estimator=ExtraTreesRegressor(bootstrap=True, ccp_alpha=0.0, criterion='mse', max_depth=9,
                    max_features='sqrt', max_leaf_nodes=None, max_samples=None,
                    min_impurity_decrease=0.001, min_impurity_split=None,
                    min_samples_leaf=5, min_samples_split=9,
                    min_weight_fraction_leaf=0.0, n_estimators=40, n_jobs=-1,
                    oob_score=False, random_state=2021, verbose=0,
                    warm_start=False), feature_name=None, fit_kwargs={}, groups=None, label=False, plot=parameter, save=False, scale=1, system=True)
2021-10-21 10:24:31,043:INFO:Checking exceptions
2021-10-21 10:24:31,052:INFO:Preparing display monitor
2021-10-21 10:24:31,058:INFO:Preloading libraries
2021-10-21 10:24:31,062:INFO:Copying training dataset
2021-10-21 10:24:31,063:INFO:Copying test dataset
2021-10-21 10:24:31,063:INFO:Plot type: parameter
2021-10-21 10:24:31,086:INFO:Visual Rendered Successfully
2021-10-21 10:24:31,170:INFO:plot_model() succesfully completed......................................
2021-10-21 10:24:34,155:INFO:Initializing plot_model()
2021-10-21 10:24:34,156:INFO:plot_model(fold=KFold(n_splits=10, random_state=None, shuffle=False), use_train_data=False, verbose=True, is_in_evaluate=True, display=None, display_format=None, estimator=ExtraTreesRegressor(bootstrap=True, ccp_alpha=0.0, criterion='mse', max_depth=9,
                    max_features='sqrt', max_leaf_nodes=None, max_samples=None,
                    min_impurity_decrease=0.001, min_impurity_split=None,
                    min_samples_leaf=5, min_samples_split=9,
                    min_weight_fraction_leaf=0.0, n_estimators=40, n_jobs=-1,
                    oob_score=False, random_state=2021, verbose=0,
                    warm_start=False), feature_name=None, fit_kwargs={}, groups=None, label=False, plot=residuals, save=False, scale=1, system=True)
2021-10-21 10:24:34,156:INFO:Checking exceptions
2021-10-21 10:24:34,166:INFO:Preparing display monitor
2021-10-21 10:24:34,172:INFO:Preloading libraries
2021-10-21 10:24:34,176:INFO:Copying training dataset
2021-10-21 10:24:34,176:INFO:Copying test dataset
2021-10-21 10:24:34,176:INFO:Plot type: residuals
2021-10-21 10:24:34,221:INFO:Fitting Model
2021-10-21 10:24:34,274:INFO:Scoring test/hold-out set
2021-10-21 10:24:34,725:INFO:Visual Rendered Successfully
2021-10-21 10:24:34,813:INFO:plot_model() succesfully completed......................................
2021-10-21 10:25:29,850:INFO:Initializing finalize_model()
2021-10-21 10:25:29,850:INFO:finalize_model(estimator=ExtraTreesRegressor(bootstrap=True, ccp_alpha=0.0, criterion='mse', max_depth=9,
                    max_features='sqrt', max_leaf_nodes=None, max_samples=None,
                    min_impurity_decrease=0.001, min_impurity_split=None,
                    min_samples_leaf=5, min_samples_split=9,
                    min_weight_fraction_leaf=0.0, n_estimators=40, n_jobs=-1,
                    oob_score=False, random_state=2021, verbose=0,
                    warm_start=False), fit_kwargs=None, groups=None, model_only=True, display=None)
2021-10-21 10:25:29,850:INFO:Finalizing ExtraTreesRegressor(bootstrap=True, ccp_alpha=0.0, criterion='mse', max_depth=9,
                    max_features='sqrt', max_leaf_nodes=None, max_samples=None,
                    min_impurity_decrease=0.001, min_impurity_split=None,
                    min_samples_leaf=5, min_samples_split=9,
                    min_weight_fraction_leaf=0.0, n_estimators=40, n_jobs=-1,
                    oob_score=False, random_state=2021, verbose=0,
                    warm_start=False)
2021-10-21 10:25:29,851:INFO:Initializing create_model()
2021-10-21 10:25:29,851:INFO:create_model(estimator=ExtraTreesRegressor(bootstrap=True, ccp_alpha=0.0, criterion='mse', max_depth=9,
                    max_features='sqrt', max_leaf_nodes=None, max_samples=None,
                    min_impurity_decrease=0.001, min_impurity_split=None,
                    min_samples_leaf=5, min_samples_split=9,
                    min_weight_fraction_leaf=0.0, n_estimators=40, n_jobs=-1,
                    oob_score=False, random_state=2021, verbose=0,
                    warm_start=False), fold=None, round=4, cross_validation=True, predict=True, fit_kwargs={}, groups=None, refit=True, verbose=False, system=False, metrics=None, add_to_model_list=False, display=None, kwargs={})
2021-10-21 10:25:29,851:INFO:Checking exceptions
2021-10-21 10:25:29,851:INFO:Importing libraries
2021-10-21 10:25:29,851:INFO:Copying training dataset
2021-10-21 10:25:29,852:INFO:Defining folds
2021-10-21 10:25:29,852:INFO:Declaring metric variables
2021-10-21 10:25:29,852:INFO:Importing untrained model
2021-10-21 10:25:29,852:INFO:Declaring custom model
2021-10-21 10:25:29,853:INFO:Extra Trees Regressor Imported succesfully
2021-10-21 10:25:29,853:INFO:Starting cross validation
2021-10-21 10:25:29,853:INFO:Cross validating with KFold(n_splits=10, random_state=None, shuffle=False), n_jobs=-1
2021-10-21 10:25:31,717:INFO:Calculating mean and std
2021-10-21 10:25:31,718:INFO:Creating metrics dataframe
2021-10-21 10:25:31,720:INFO:Finalizing model
2021-10-21 10:25:31,814:INFO:create_model_container: 20
2021-10-21 10:25:31,815:INFO:master_model_container: 20
2021-10-21 10:25:31,815:INFO:display_container: 5
2021-10-21 10:25:31,815:INFO:ExtraTreesRegressor(bootstrap=True, ccp_alpha=0.0, criterion='mse', max_depth=9,
                    max_features='sqrt', max_leaf_nodes=None, max_samples=None,
                    min_impurity_decrease=0.001, min_impurity_split=None,
                    min_samples_leaf=5, min_samples_split=9,
                    min_weight_fraction_leaf=0.0, n_estimators=40, n_jobs=-1,
                    oob_score=False, random_state=2021, verbose=0,
                    warm_start=False)
2021-10-21 10:25:31,815:INFO:create_model() succesfully completed......................................
2021-10-21 10:25:31,900:INFO:create_model_container: 20
2021-10-21 10:25:31,901:INFO:master_model_container: 20
2021-10-21 10:25:31,901:INFO:display_container: 4
2021-10-21 10:25:31,901:INFO:ExtraTreesRegressor(bootstrap=True, ccp_alpha=0.0, criterion='mse', max_depth=9,
                    max_features='sqrt', max_leaf_nodes=None, max_samples=None,
                    min_impurity_decrease=0.001, min_impurity_split=None,
                    min_samples_leaf=5, min_samples_split=9,
                    min_weight_fraction_leaf=0.0, n_estimators=40, n_jobs=-1,
                    oob_score=False, random_state=2021, verbose=0,
                    warm_start=False)
2021-10-21 10:25:31,901:INFO:finalize_model() succesfully completed......................................
2021-10-21 10:34:24,057:INFO:Initializing predict_model()
2021-10-21 10:34:24,058:INFO:predict_model(estimator=ExtraTreesRegressor(bootstrap=True, ccp_alpha=0.0, criterion='mse', max_depth=9,
                    max_features='sqrt', max_leaf_nodes=None, max_samples=None,
                    min_impurity_decrease=0.001, min_impurity_split=None,
                    min_samples_leaf=5, min_samples_split=9,
                    min_weight_fraction_leaf=0.0, n_estimators=40, n_jobs=-1,
                    oob_score=False, random_state=2021, verbose=0,
                    warm_start=False), probability_threshold=None, encoded_labels=True, raw_score=False, round=4, verbose=True, ml_usecase=MLUsecase.REGRESSION, display=None)
2021-10-21 10:34:24,058:INFO:Checking exceptions
2021-10-21 10:34:24,058:INFO:Preloading libraries
2021-10-21 10:34:24,058:INFO:Preparing display monitor
2021-10-21 10:35:40,426:INFO:Initializing plot_model()
2021-10-21 10:35:40,427:INFO:plot_model(fold=KFold(n_splits=10, random_state=None, shuffle=False), use_train_data=False, verbose=True, is_in_evaluate=True, display=None, display_format=None, estimator=ExtraTreesRegressor(bootstrap=True, ccp_alpha=0.0, criterion='mse', max_depth=9,
                    max_features='sqrt', max_leaf_nodes=None, max_samples=None,
                    min_impurity_decrease=0.001, min_impurity_split=None,
                    min_samples_leaf=5, min_samples_split=9,
                    min_weight_fraction_leaf=0.0, n_estimators=40, n_jobs=-1,
                    oob_score=False, random_state=2021, verbose=0,
                    warm_start=False), feature_name=None, fit_kwargs={}, groups=None, label=False, plot=error, save=False, scale=1, system=True)
2021-10-21 10:35:40,427:INFO:Checking exceptions
2021-10-21 10:35:40,436:INFO:Preparing display monitor
2021-10-21 10:35:40,442:INFO:Preloading libraries
2021-10-21 10:35:40,445:INFO:Copying training dataset
2021-10-21 10:35:40,446:INFO:Copying test dataset
2021-10-21 10:35:40,446:INFO:Plot type: error
2021-10-21 10:35:40,465:INFO:Fitting Model
2021-10-21 10:35:40,466:INFO:Scoring test/hold-out set
2021-10-21 10:35:40,685:INFO:Visual Rendered Successfully
2021-10-21 10:35:40,772:INFO:plot_model() succesfully completed......................................
2021-10-21 10:36:31,065:INFO:Initializing plot_model()
2021-10-21 10:36:31,066:INFO:plot_model(fold=KFold(n_splits=10, random_state=None, shuffle=False), use_train_data=False, verbose=True, is_in_evaluate=True, display=None, display_format=None, estimator=ExtraTreesRegressor(bootstrap=True, ccp_alpha=0.0, criterion='mse', max_depth=9,
                    max_features='sqrt', max_leaf_nodes=None, max_samples=None,
                    min_impurity_decrease=0.001, min_impurity_split=None,
                    min_samples_leaf=5, min_samples_split=9,
                    min_weight_fraction_leaf=0.0, n_estimators=40, n_jobs=-1,
                    oob_score=False, random_state=2021, verbose=0,
                    warm_start=False), feature_name=None, fit_kwargs={}, groups=None, label=False, plot=learning, save=False, scale=1, system=True)
2021-10-21 10:36:31,066:INFO:Checking exceptions
2021-10-21 10:36:31,076:INFO:Preparing display monitor
2021-10-21 10:36:31,082:INFO:Preloading libraries
2021-10-21 10:36:31,086:INFO:Copying training dataset
2021-10-21 10:36:31,086:INFO:Copying test dataset
2021-10-21 10:36:31,086:INFO:Plot type: learning
2021-10-21 10:36:31,105:INFO:Fitting Model
2021-10-21 10:37:31,139:INFO:Initializing predict_model()
2021-10-21 10:37:31,139:INFO:predict_model(estimator=ExtraTreesRegressor(bootstrap=True, ccp_alpha=0.0, criterion='mse', max_depth=9,
                    max_features='sqrt', max_leaf_nodes=None, max_samples=None,
                    min_impurity_decrease=0.001, min_impurity_split=None,
                    min_samples_leaf=5, min_samples_split=9,
                    min_weight_fraction_leaf=0.0, n_estimators=40, n_jobs=-1,
                    oob_score=False, random_state=2021, verbose=0,
                    warm_start=False), probability_threshold=None, encoded_labels=True, raw_score=False, round=4, verbose=True, ml_usecase=MLUsecase.REGRESSION, display=None)
2021-10-21 10:37:31,140:INFO:Checking exceptions
2021-10-21 10:37:31,140:INFO:Preloading libraries
2021-10-21 10:37:31,140:INFO:Preparing display monitor
